[2025-09-03 23:56:15,037] root - INFO - Model Recommendation Config: ModelRecommendationConfig(book_name_serialized_objects='artifacts\\serialized_objects\\book_names.pkl', book_pivot_serialized_objects='artifacts\\serialized_objects\\book_pivot.pkl', final_rating_serialized_objects='artifacts\\serialized_objects\\final_rating.pkl', trained_model_path='artifacts\\trained_models\\model.pkl')
[2025-09-03 23:56:33,140] root - INFO - Model Recommendation Config: ModelRecommendationConfig(book_name_serialized_objects='artifacts\\serialized_objects\\book_names.pkl', book_pivot_serialized_objects='artifacts\\serialized_objects\\book_pivot.pkl', final_rating_serialized_objects='artifacts\\serialized_objects\\final_rating.pkl', trained_model_path='artifacts\\trained_models\\model.pkl')
[2025-09-03 23:56:34,923] root - INFO - Model Recommendation Config: ModelRecommendationConfig(book_name_serialized_objects='artifacts\\serialized_objects\\book_names.pkl', book_pivot_serialized_objects='artifacts\\serialized_objects\\book_pivot.pkl', final_rating_serialized_objects='artifacts\\serialized_objects\\final_rating.pkl', trained_model_path='artifacts\\trained_models\\model.pkl')
[2025-09-03 23:57:05,772] root - INFO - Model Recommendation Config: ModelRecommendationConfig(book_name_serialized_objects='artifacts\\serialized_objects\\book_names.pkl', book_pivot_serialized_objects='artifacts\\serialized_objects\\book_pivot.pkl', final_rating_serialized_objects='artifacts\\serialized_objects\\final_rating.pkl', trained_model_path='artifacts\\trained_models\\model.pkl')
[2025-09-03 23:57:05,773] root - INFO - ==================== Data Ingestion log started. ====================
[2025-09-03 23:57:05,773] root - INFO - Data Ingestion Config: DatasetConfig(dataset_download_url='https://raw.githubusercontent.com/DESMOND135/ML-Book-Recommender-System/main/dataset.zip', raw_data_dir='artifacts\\dataset\\raw_data', ingested_dir='artifacts\\dataset\\ingested_data')
[2025-09-03 23:57:05,774] root - INFO - Data Validation Config: DataValidationConfig(clean_data_dir='artifacts\\dataset\\clean_data', books_csv_file='artifacts\\dataset\\ingested_data\\BX-Books.csv', ratings_csv_file='artifacts\\dataset\\ingested_data\\BX-Book-Ratings.csv', serialized_objects_dir='artifacts\\serialized_objects')
[2025-09-03 23:57:05,774] root - INFO - Data Transformation Config: DataTransformationConfig(clean_data_file_path='artifacts\\dataset\\clean_data\\clean_data.csv', transformed_data_dir='artifacts\\dataset\\transformed_data')
[2025-09-03 23:57:05,774] root - INFO - Data Validation Config: DataValidationConfig(clean_data_dir='artifacts\\dataset\\clean_data', books_csv_file='artifacts\\dataset\\ingested_data\\BX-Books.csv', ratings_csv_file='artifacts\\dataset\\ingested_data\\BX-Book-Ratings.csv', serialized_objects_dir='artifacts\\serialized_objects')
[2025-09-03 23:57:05,774] root - INFO - Model Trainer Config: ModelTrainerConfig(transformed_data_file_dir='artifacts\\dataset\\transformed_data\\transformed_data.pkl', trained_model_dir='artifacts\\trained_models', trained_model_name='model.pkl')
[2025-09-03 23:57:05,776] root - INFO - Downloading data from https://raw.githubusercontent.com/DESMOND135/ML-Book-Recommender-System/main/dataset.zip into file artifacts\dataset\raw_data\dataset.zip
[2025-09-03 23:57:09,102] root - INFO - Downloaded data from https://raw.githubusercontent.com/DESMOND135/ML-Book-Recommender-System/main/dataset.zip into file artifacts\dataset\raw_data\dataset.zip
[2025-09-03 23:57:09,635] root - INFO - Extracted zip file: artifacts\dataset\raw_data\dataset.zip into dir: artifacts\dataset\ingested_data
[2025-09-03 23:57:09,636] root - INFO - ==================== Data Ingestion log completed. ====================


[2025-09-03 23:57:09,636] root - INFO - ====================Data Validation log started.====================
[2025-09-03 23:57:12,010] root - INFO -  Shape of ratings data file: (1149780, 3)
[2025-09-03 23:57:12,010] root - INFO -  Shape of books data file: (271360, 8)
[2025-09-03 23:57:13,226] root - INFO -  Shape of the final clean dataset: (59850, 9)
[2025-09-03 23:57:13,699] root - INFO - Saved cleaned data to artifacts\dataset\clean_data
[2025-09-03 23:57:13,726] root - INFO - Saved final_rating serialization object to artifacts\serialized_objects
[2025-09-03 23:57:13,796] root - INFO - ====================Data Validation log completed.==================== 


[2025-09-03 23:57:13,796] root - INFO - ====================Data Transformation log started.==================== 
[2025-09-03 23:57:13,977] root - INFO -  Shape of book pivot table: (742, 888)
[2025-09-03 23:57:13,990] root - INFO - Saved pivot table data to artifacts\dataset\transformed_data
[2025-09-03 23:57:13,996] root - INFO - Saved book_names serialization object to artifacts\serialized_objects
[2025-09-03 23:57:14,003] root - INFO - Saved book_pivot serialization object to artifacts\serialized_objects
[2025-09-03 23:57:14,005] root - INFO - ====================Data Transformation log completed.==================== 


[2025-09-03 23:57:14,006] root - INFO - ====================Model Trainer log started.==================== 
[2025-09-03 23:57:14,042] root - INFO - Saving final model to artifacts\trained_models\model.pkl
[2025-09-03 23:57:14,043] root - INFO - ====================Model Trainer log completed.==================== 


[2025-09-03 23:57:14,044] root - INFO - Training completed successfully!
